TN:
SF:packages\cli\src\commands\edit.ts
FN:4,registerEditCommand
FN:10,(anonymous_1)
FNF:2
FNH:0
FNDA:0,registerEditCommand
FNDA:0,(anonymous_1)
DA:5,0
DA:11,0
DA:12,0
DA:13,0
DA:14,0
DA:17,0
DA:19,0
DA:23,0
DA:24,0
DA:25,0
DA:29,0
DA:31,0
DA:32,0
DA:35,0
DA:37,0
DA:44,0
DA:45,0
DA:46,0
LF:18
LH:0
BRDA:12,0,0,0
BRDA:12,0,1,0
BRDA:17,1,0,0
BRDA:17,1,1,0
BRDA:35,2,0,0
BRDA:35,2,1,0
BRF:6
BRH:0
end_of_record
TN:
SF:packages\cli\src\commands\export.ts
FN:6,registerExportCommand
FN:13,(anonymous_1)
FNF:2
FNH:0
FNDA:0,registerExportCommand
FNDA:0,(anonymous_1)
DA:7,0
DA:14,0
DA:15,0
DA:17,0
DA:18,0
DA:19,0
DA:20,0
DA:22,0
DA:23,0
DA:25,0
DA:26,0
DA:28,0
DA:29,0
DA:31,0
DA:34,0
LF:15
LH:0
BRDA:20,0,0,0
BRDA:20,0,1,0
BRDA:22,1,0,0
BRDA:22,1,1,0
BRDA:25,2,0,0
BRDA:25,2,1,0
BRF:6
BRH:0
end_of_record
TN:
SF:packages\cli\src\commands\get.ts
FN:4,registerGetCommand
FN:9,(anonymous_1)
FNF:2
FNH:0
FNDA:0,registerGetCommand
FNDA:0,(anonymous_1)
DA:5,0
DA:10,0
DA:11,0
DA:12,0
DA:13,0
DA:16,0
DA:18,0
DA:19,0
DA:21,0
DA:22,0
DA:25,0
DA:26,0
DA:27,0
LF:13
LH:0
BRDA:11,0,0,0
BRDA:11,0,1,0
BRDA:16,1,0,0
BRDA:16,1,1,0
BRDA:16,1,2,0
BRDA:16,1,3,0
BRF:6
BRH:0
end_of_record
TN:
SF:packages\cli\src\commands\list.ts
FN:4,registerListCommand
FN:11,(anonymous_1)
FN:36,(anonymous_2)
FNF:3
FNH:0
FNDA:0,registerListCommand
FNDA:0,(anonymous_1)
FNDA:0,(anonymous_2)
DA:5,0
DA:7,0
DA:12,0
DA:13,0
DA:14,0
DA:15,0
DA:17,0
DA:18,0
DA:19,0
DA:21,0
DA:22,0
DA:23,0
DA:24,0
DA:28,0
DA:37,0
DA:43,0
DA:44,0
DA:45,0
DA:47,0
DA:48,0
DA:49,0
DA:51,0
DA:52,0
DA:53,0
DA:54,0
DA:55,0
LF:26
LH:0
BRDA:13,0,0,0
BRDA:13,0,1,0
BRDA:17,1,0,0
BRDA:17,1,1,0
BRDA:23,2,0,0
BRDA:23,2,1,0
BRDA:43,3,0,0
BRDA:43,3,1,0
BRDA:47,4,0,0
BRDA:47,4,1,0
BRDA:53,5,0,0
BRDA:53,5,1,0
BRDA:53,6,0,0
BRDA:53,6,1,0
BRDA:53,7,0,0
BRDA:53,7,1,0
BRDA:55,8,0,0
BRDA:55,8,1,0
BRF:18
BRH:0
end_of_record
TN:
SF:packages\cli\src\commands\new.ts
FN:4,registerNewCommand
FN:12,(anonymous_1)
FNF:2
FNH:0
FNDA:0,registerNewCommand
FNDA:0,(anonymous_1)
DA:5,0
DA:13,0
DA:19,0
LF:3
LH:0
BRF:0
BRH:0
end_of_record
TN:
SF:packages\cli\src\commands\open.ts
FN:4,registerOpenCommand
FN:11,(anonymous_1)
FN:19,(anonymous_2)
FN:27,(anonymous_3)
FNF:4
FNH:0
FNDA:0,registerOpenCommand
FNDA:0,(anonymous_1)
FNDA:0,(anonymous_2)
FNDA:0,(anonymous_3)
DA:5,0
DA:7,0
DA:12,0
DA:13,0
DA:16,0
DA:20,0
DA:21,0
DA:24,0
DA:28,0
DA:29,0
LF:10
LH:0
BRF:0
BRH:0
end_of_record
TN:
SF:packages\cli\src\commands\search.ts
FN:4,registerSearchCommand
FN:10,(anonymous_1)
FNF:2
FNH:0
FNDA:0,registerSearchCommand
FNDA:0,(anonymous_1)
DA:5,0
DA:11,0
DA:12,0
DA:13,0
DA:14,0
DA:16,0
DA:17,0
DA:18,0
DA:20,0
DA:21,0
DA:22,0
DA:23,0
DA:24,0
DA:25,0
LF:14
LH:0
BRDA:12,0,0,0
BRDA:12,0,1,0
BRDA:16,1,0,0
BRDA:16,1,1,0
BRDA:23,2,0,0
BRDA:23,2,1,0
BRDA:24,3,0,0
BRDA:24,3,1,0
BRDA:25,4,0,0
BRDA:25,4,1,0
BRF:10
BRH:0
end_of_record
TN:
SF:packages\cli\src\commands\tags.ts
FN:4,registerTagsCommand
FN:11,(anonymous_1)
FN:30,(anonymous_2)
FN:36,(anonymous_3)
FNF:4
FNH:0
FNDA:0,registerTagsCommand
FNDA:0,(anonymous_1)
FNDA:0,(anonymous_2)
FNDA:0,(anonymous_3)
DA:5,0
DA:7,0
DA:12,0
DA:13,0
DA:14,0
DA:15,0
DA:17,0
DA:18,0
DA:19,0
DA:21,0
DA:22,0
DA:23,0
DA:27,0
DA:31,0
DA:32,0
DA:36,0
DA:37,0
DA:38,0
DA:39,0
DA:40,0
DA:42,0
DA:43,0
DA:44,0
LF:23
LH:0
BRDA:13,0,0,0
BRDA:13,0,1,0
BRDA:17,1,0,0
BRDA:17,1,1,0
BRDA:38,2,0,0
BRDA:38,2,1,0
BRF:6
BRH:0
end_of_record
TN:
SF:packages\core\src\db.ts
FN:11,__setTestDb
FN:15,withDb
FN:30,listNotebooks
FN:31,(anonymous_3)
FN:36,(anonymous_4)
FN:49,listNotes
FN:50,(anonymous_6)
FN:56,(anonymous_7)
FN:69,(anonymous_8)
FN:85,searchNotes
FN:86,(anonymous_10)
FN:96,getNote
FN:97,(anonymous_12)
FN:102,listTags
FN:103,(anonymous_14)
FN:108,(anonymous_15)
FN:116,getBookmarked
FN:117,(anonymous_17)
FN:126,listTemplates
FN:127,(anonymous_19)
FN:136,writeNote
FN:161,getFilters
FN:162,(anonymous_22)
FNF:23
FNH:23
FNDA:90,__setTestDb
FNDA:40,withDb
FNDA:5,listNotebooks
FNDA:5,(anonymous_3)
FNDA:15,(anonymous_4)
FNDA:10,listNotes
FNDA:10,(anonymous_6)
FNDA:2,(anonymous_7)
FNDA:2,(anonymous_8)
FNDA:8,searchNotes
FNDA:8,(anonymous_10)
FNDA:5,getNote
FNDA:5,(anonymous_12)
FNDA:3,listTags
FNDA:3,(anonymous_14)
FNDA:3,(anonymous_15)
FNDA:4,getBookmarked
FNDA:4,(anonymous_17)
FNDA:3,listTemplates
FNDA:3,(anonymous_19)
FNDA:7,writeNote
FNDA:2,getFilters
FNDA:2,(anonymous_22)
DA:9,1
DA:12,90
DA:16,40
DA:17,0
DA:18,0
DA:19,0
DA:20,0
DA:21,0
DA:22,0
DA:23,0
DA:25,0
DA:26,0
DA:31,5
DA:32,5
DA:36,5
DA:37,15
DA:38,15
DA:39,15
DA:50,10
DA:51,10
DA:52,2
DA:53,2
DA:54,1
DA:55,2
DA:56,2
DA:57,1
DA:64,8
DA:65,2
DA:66,2
DA:67,1
DA:68,2
DA:69,2
DA:70,1
DA:77,6
DA:86,8
DA:87,8
DA:88,8
DA:97,5
DA:98,5
DA:103,3
DA:104,3
DA:108,3
DA:117,4
DA:118,4
DA:127,3
DA:128,3
DA:137,7
DA:138,7
DA:142,7
DA:143,5
DA:145,0
DA:146,0
DA:147,0
DA:148,0
DA:149,0
DA:153,0
DA:154,0
DA:157,0
DA:162,2
DA:163,2
LF:60
LH:43
BRDA:16,0,0,40
BRDA:16,0,1,0
BRDA:37,1,0,15
BRDA:37,1,1,0
BRDA:38,2,0,15
BRDA:38,2,1,0
BRDA:49,3,0,10
BRDA:51,4,0,2
BRDA:51,4,1,8
BRDA:53,5,0,1
BRDA:53,5,1,1
BRDA:54,6,0,1
BRDA:54,6,1,0
BRDA:55,7,0,0
BRDA:55,7,1,2
BRDA:61,8,0,1
BRDA:61,8,1,1
BRDA:61,9,0,2
BRDA:61,9,1,1
BRDA:64,10,0,2
BRDA:64,10,1,6
BRDA:66,11,0,1
BRDA:66,11,1,1
BRDA:67,12,0,1
BRDA:67,12,1,0
BRDA:68,13,0,0
BRDA:68,13,1,2
BRDA:74,14,0,1
BRDA:74,14,1,1
BRDA:74,15,0,2
BRDA:74,15,1,1
BRDA:81,16,0,6
BRDA:81,16,1,3
BRDA:81,17,0,10
BRDA:81,17,1,5
BRDA:85,18,0,8
BRDA:98,19,0,5
BRDA:98,19,1,2
BRDA:111,20,0,3
BRDA:111,20,1,0
BRDA:137,21,0,7
BRDA:137,21,1,0
BRDA:142,22,0,2
BRDA:142,22,1,5
BRDA:153,23,0,0
BRDA:153,23,1,0
BRF:46
BRH:35
end_of_record
TN:
SF:packages\core\src\html.ts
FN:12,(anonymous_0)
FN:13,(anonymous_1)
FN:19,htmlToMarkdown
FN:24,markdownToHtml
FNF:4
FNH:3
FNDA:36,(anonymous_0)
FNDA:0,(anonymous_1)
FNDA:19,htmlToMarkdown
FNDA:16,markdownToHtml
DA:4,1
DA:11,1
DA:12,36
DA:14,0
DA:15,0
DA:20,19
DA:21,18
DA:25,16
DA:26,15
LF:9
LH:7
BRDA:12,0,0,36
BRDA:12,0,1,0
BRDA:15,1,0,0
BRDA:15,1,1,0
BRDA:20,2,0,1
BRDA:20,2,1,18
BRDA:25,3,0,1
BRDA:25,3,1,15
BRF:8
BRH:5
end_of_record
TN:
SF:packages\core\src\paths.ts
FN:4,getDbPath
FN:15,getConfigPath
FN:21,getDataVersion
FN:34,assertDataVersion
FNF:4
FNH:4
FNDA:4,getDbPath
FNDA:9,getConfigPath
FNDA:8,getDataVersion
FNDA:4,assertDataVersion
DA:5,4
DA:6,4
DA:8,3
DA:9,3
DA:10,1
DA:12,2
DA:16,9
DA:17,9
DA:18,9
DA:22,8
DA:23,8
DA:24,6
DA:25,6
DA:26,6
DA:28,1
DA:32,2
DA:35,4
DA:36,4
DA:37,2
LF:19
LH:19
BRDA:6,0,0,1
BRDA:6,0,1,3
BRDA:9,1,0,1
BRDA:9,1,1,2
BRDA:17,2,0,0
BRDA:17,2,1,9
BRDA:23,3,0,2
BRDA:23,3,1,6
BRDA:26,4,0,6
BRDA:26,4,1,1
BRDA:36,5,0,2
BRDA:36,5,1,2
BRDA:36,6,0,4
BRDA:36,6,1,3
BRF:14
BRH:13
end_of_record
TN:
SF:packages\core\src\types.ts
FNF:0
FNH:0
LF:0
LH:0
BRF:0
BRH:0
end_of_record
TN:
SF:packages\core\src\writer.ts
FN:15,buildUrl
FN:17,(anonymous_1)
FN:19,(anonymous_2)
FN:23,openUrl
FN:29,createNote
FN:39,openNote
FN:47,createNotebook
FN:51,openNotebook
FN:55,searchUi
FN:59,viewTag
FN:63,viewFilter
FNF:11
FNH:11
FNDA:24,buildUrl
FNDA:58,(anonymous_1)
FNDA:28,(anonymous_2)
FNDA:24,openUrl
FNDA:10,createNote
FNDA:4,openNote
FNDA:2,createNotebook
FNDA:2,openNotebook
FNDA:2,searchUi
FNDA:2,viewTag
FNDA:2,viewFilter
DA:16,24
DA:17,58
DA:18,24
DA:19,28
DA:20,24
DA:25,24
DA:26,24
DA:30,10
DA:36,10
DA:40,4
DA:44,4
DA:48,2
DA:52,2
DA:56,2
DA:60,2
DA:64,2
LF:16
LH:16
BRDA:17,0,0,58
BRDA:17,0,1,28
BRDA:18,1,0,0
BRDA:18,1,1,24
BRDA:34,2,0,1
BRDA:34,2,1,9
BRDA:42,3,0,1
BRDA:42,3,1,3
BRF:8
BRH:7
end_of_record
TN:
SF:packages\core\src\__tests__\fixtures\db.ts
FN:14,createTestDb
FNF:1
FNH:1
FNDA:45,createTestDb
DA:3,1
DA:4,1
DA:5,1
DA:6,1
DA:7,1
DA:8,1
DA:9,1
DA:10,1
DA:11,1
DA:12,1
DA:15,45
DA:17,45
DA:121,45
DA:124,45
DA:130,45
DA:136,45
DA:144,45
DA:152,45
DA:160,45
DA:168,45
DA:176,45
DA:184,45
DA:194,45
DA:201,45
DA:204,45
DA:208,45
LF:26
LH:26
BRF:0
BRH:0
end_of_record
TN:
SF:packages\mcp\src\tools.ts
FN:23,registerTools
FN:30,(anonymous_1)
FN:47,(anonymous_2)
FN:62,(anonymous_3)
FN:77,(anonymous_4)
FN:103,(anonymous_5)
FN:115,(anonymous_6)
FN:127,(anonymous_7)
FN:146,(anonymous_8)
FN:162,(anonymous_9)
FN:198,(anonymous_10)
FN:210,(anonymous_11)
FN:222,(anonymous_12)
FN:234,(anonymous_13)
FN:246,(anonymous_14)
FN:258,(anonymous_15)
FNF:16
FNH:0
FNDA:0,registerTools
FNDA:0,(anonymous_1)
FNDA:0,(anonymous_2)
FNDA:0,(anonymous_3)
FNDA:0,(anonymous_4)
FNDA:0,(anonymous_5)
FNDA:0,(anonymous_6)
FNDA:0,(anonymous_7)
FNDA:0,(anonymous_8)
FNDA:0,(anonymous_9)
FNDA:0,(anonymous_10)
FNDA:0,(anonymous_11)
FNDA:0,(anonymous_12)
FNDA:0,(anonymous_13)
FNDA:0,(anonymous_14)
FNDA:0,(anonymous_15)
DA:26,0
DA:31,0
DA:32,0
DA:38,0
DA:48,0
DA:49,0
DA:55,0
DA:63,0
DA:64,0
DA:70,0
DA:78,0
DA:79,0
DA:80,0
DA:87,0
DA:88,0
DA:89,0
DA:90,0
DA:92,0
DA:95,0
DA:99,0
DA:104,0
DA:105,0
DA:111,0
DA:116,0
DA:117,0
DA:123,0
DA:128,0
DA:129,0
DA:137,0
DA:147,0
DA:148,0
DA:154,0
DA:163,0
DA:164,0
DA:165,0
DA:171,0
DA:172,0
DA:173,0
DA:178,0
DA:179,0
DA:180,0
DA:182,0
DA:183,0
DA:185,0
DA:191,0
DA:199,0
DA:200,0
DA:204,0
DA:211,0
DA:212,0
DA:216,0
DA:223,0
DA:224,0
DA:228,0
DA:235,0
DA:236,0
DA:240,0
DA:247,0
DA:248,0
DA:252,0
DA:259,0
DA:260,0
LF:62
LH:0
BRDA:79,0,0,0
BRDA:79,0,1,0
BRDA:87,1,0,0
BRDA:87,1,1,0
BRDA:89,2,0,0
BRDA:89,2,1,0
BRDA:164,3,0,0
BRDA:164,3,1,0
BRDA:171,4,0,0
BRDA:171,4,1,0
BRDA:180,5,0,0
BRDA:180,5,1,0
BRF:12
BRH:0
end_of_record
